<?xml version="1.0" encoding="UTF-8"?>
<!-- Generated by org.testng.reporters.JUnitXMLReporter -->
<testsuite ignored="0" hostname="DeBaSiSh-PC" failures="1" tests="2" name="Error Validations Test" time="26.762" errors="0" timestamp="2024-10-11T11:58:54 IST">
  <testcase classname="rsa.Tests.ErrorValidationsTest" name="ProductErrorValiadtion" time="14.65">
    <failure type="java.lang.AssertionError" message="Product Matched expected [true] but found [false]">
      <![CDATA[java.lang.AssertionError: Product Matched expected [true] but found [false]
at rsa.Tests.ErrorValidationsTest.ProductErrorValiadtion(ErrorValidationsTest.java:42)
at java.base/java.util.ArrayList.forEach(ArrayList.java:1511)
at java.base/java.util.concurrent.FutureTask.run(FutureTask.java:264)
at java.base/java.util.concurrent.ThreadPoolExecutor.runWorker(ThreadPoolExecutor.java:1136)
at java.base/java.util.concurrent.ThreadPoolExecutor$Worker.run(ThreadPoolExecutor.java:635)
at java.base/java.lang.Thread.run(Thread.java:840)
... Removed 20 stack frames]]>
    </failure>
  </testcase> <!-- ProductErrorValiadtion -->
  <testcase classname="rsa.Tests.ErrorValidationsTest" name="loginErrorValiadtion" time="0.727"/>
</testsuite> <!-- Error Validations Test -->
