<?xml version="1.0" encoding="UTF-8"?>
<!-- Generated by org.testng.reporters.JUnitReportReporter -->
<testsuite hostname="DeBaSiSh-PC" failures="1" tests="1" name="rsa.cucumber.TestNGTestRunner" time="10.929" errors="0" timestamp="2024-10-21T14:40:55 IST" skipped="0">
  <testcase classname="rsa.cucumber.TestNGTestRunner" name="runScenario" time="10.929">
    <failure message="expected [Incorrect email or password.] but found [Incorrect email password.]" type="java.lang.AssertionError">
      <![CDATA[java.lang.AssertionError: expected [Incorrect email or password.] but found [Incorrect email password.]
at org.testng.Assert.fail(Assert.java:111)
at org.testng.Assert.failNotEquals(Assert.java:1578)
at org.testng.Assert.assertEqualsImpl(Assert.java:150)
at org.testng.Assert.assertEquals(Assert.java:132)
at org.testng.Assert.assertEquals(Assert.java:656)
at org.testng.Assert.assertEquals(Assert.java:666)
at rsa.StepDefinitions.StepDefinitionImpl.alert_message_displayed(StepDefinitionImpl.java:70)
at âœ½."Incorrect email password." message is displayed(file:///H:/udemy-eclipse-workspace/Section_25_SeleniumFrameworkDesignWithCucumberWrapper/src/test/java/rsa/cucumber/ErrorValidation.feature:27)
]]>
    </failure>
  </testcase> <!-- runScenario -->
</testsuite> <!-- rsa.cucumber.TestNGTestRunner -->
